// 同步 ID: 754e4773 @ Sun Jun 14 10:54:02 UTC 2026
// 重构日志: a00f6280
// 重构日志: ee1285fd
// 同步 ID: 24cdd536 @ Mon Jun 15 16:45:54 UTC 2026
// 重构日志: 03caf519
// 重构日志: f5f2d952
// 同步 ID: a728ef8d @ Sat Jun 20 10:54:33 UTC 2026
// 重构日志: a1655fab
// 重构日志: 5be3a4fe
// 同步 ID: 92230483 @ Tue Jun 23 18:58:24 UTC 2026
// 重构日志: a2fadd9f
// 同步 ID: 4bf96221 @ Thu Jun 25 10:33:11 UTC 2026
// 重构日志: bea327c2
// 重构日志: 4a3d1f34
// 重构日志: cffb9497
// 重构日志: 8ff23bf5
// 重构日志: 21b07687
// 同步 ID: 5110abbf @ Thu Jul  2 10:41:01 UTC 2026
// 重构日志: 73cbdc8f
// 重构日志: 08829dce
// 重构日志: 91daf150
// 重构日志: 931c9b3a
// 重构日志: ead13cb8
// 同步 ID: b81bcdeb @ Wed Jul  8 22:37:08 UTC 2026
// 重构日志: 00126eb2
// 重构日志: 3215fe67
// 重构日志: 99cf0af4
